#
# There is insufficient memory for the Java Runtime Environment to continue.
# Native memory allocation (malloc) failed to allocate 32744 bytes for Chunk::new
# Possible reasons:
#   The system is out of physical RAM or swap space
#   The process is running with CompressedOops enabled, and the Java Heap may be blocking the growth of the native heap
# Possible solutions:
#   Reduce memory load on the system
#   Increase physical memory or swap space
#   Check if swap backing store is full
#   Decrease Java heap size (-Xmx/-Xms)
#   Decrease number of Java threads
#   Decrease Java thread stack sizes (-Xss)
#   Set larger code cache with -XX:ReservedCodeCacheSize=
#   JVM is running with Unscaled Compressed Oops mode in which the Java heap is
#     placed in the first 4GB address space. The Java Heap base address is the
#     maximum limit for the native heap growth. Please use -XX:HeapBaseMinAddress
#     to set the Java Heap base and to place the Java Heap above 4GB virtual address.
# This output file may be truncated or incomplete.
#
#  Out of Memory Error (arena.cpp:184), pid=5860, tid=11428
#
# JRE version: Java(TM) SE Runtime Environment (18.0.1.1+2) (build 18.0.1.1+2-6)
# Java VM: Java HotSpot(TM) 64-Bit Server VM (18.0.1.1+2-6, mixed mode, sharing, tiered, compressed oops, compressed class ptrs, g1 gc, windows-amd64)
# No core dump will be written. Minidumps are not enabled by default on client versions of Windows
#

---------------  S U M M A R Y ------------

Command Line: -Dfile.encoding=UTF-8 -XX:+ShowCodeDetailsInExceptionMessages cucumber.api.cli.Main D:/SpringBoot-workspace/bankingAPI/Feature/login.feature --glue classpath: --plugin pretty --monochrome

Host: Intel(R) Core(TM) i5-7200U CPU @ 2.50GHz, 4 cores, 7G,  Windows 11 , 64 bit Build 22000 (10.0.22000.1219)
Time: Tue Nov 29 23:37:19 2022 India Standard Time elapsed time: 6.439834 seconds (0d 0h 0m 6s)

---------------  T H R E A D  ---------------

Current thread (0x0000026c7fce1010):  JavaThread "C2 CompilerThread0" daemon [_thread_in_native, id=11428, stack(0x000000e50f200000,0x000000e50f300000)]


Current CompileTask:
C2:   6439 2196   !   4       java.net.URL::<init> (543 bytes)

Stack: [0x000000e50f200000,0x000000e50f300000]
Native frames: (J=compiled Java code, j=interpreted, Vv=VM code, C=native code)
V  [jvm.dll+0x69887a]
V  [jvm.dll+0x7f38bd]
V  [jvm.dll+0x7f51ce]
V  [jvm.dll+0x7f5883]
V  [jvm.dll+0x25ca3f]
V  [jvm.dll+0xb8c2f]
V  [jvm.dll+0xb8fa5]
V  [jvm.dll+0x9c8ab]
V  [jvm.dll+0x625a85]
V  [jvm.dll+0x62b7bb]
V  [jvm.dll+0x62c662]
V  [jvm.dll+0x62aae4]
V  [jvm.dll+0x22fa98]
V  [jvm.dll+0x22eff1]
V  [jvm.dll+0x1b9cfc]
V  [jvm.dll+0x23e8ca]
V  [jvm.dll+0x23cbb5]
V  [jvm.dll+0x7a5fb1]
V  [jvm.dll+0x7a03ea]
V  [jvm.dll+0x697725]
C  [ucrtbase.dll+0x26c0c]
C  [KERNEL32.DLL+0x15550]
C  [ntdll.dll+0x485b]


---------------  P R O C E S S  ---------------

Threads class SMR info:
_java_thread_list=0x0000026c146a5700, length=22, elements={
0x0000026c6f46b2b0, 0x0000026c7fcb87b0, 0x0000026c7fcbb900, 0x0000026c7fcd52c0,
0x0000026c7fcd5c60, 0x0000026c7fcd6da0, 0x0000026c7fcd9ef0, 0x0000026c7fce1010,
0x0000026c7fce30b0, 0x0000026c7fcec170, 0x0000026c131e49b0, 0x0000026c131ebaf0,
0x0000026c14033920, 0x0000026c140f7020, 0x0000026c143168a0, 0x0000026c142bd880,
0x0000026c143dee90, 0x0000026c1421a640, 0x0000026c143bb070, 0x0000026c143be090,
0x0000026c143be560, 0x0000026c143bc3b0
}

Java Threads: ( => current thread )
  0x0000026c6f46b2b0 JavaThread "Forwarding newSession on session null to remote" [_thread_blocked, id=5996, stack(0x000000e50e500000,0x000000e50e600000)]
  0x0000026c7fcb87b0 JavaThread "Reference Handler" daemon [_thread_blocked, id=14464, stack(0x000000e50ec00000,0x000000e50ed00000)]
  0x0000026c7fcbb900 JavaThread "Finalizer" daemon [_thread_blocked, id=5240, stack(0x000000e50ed00000,0x000000e50ee00000)]
  0x0000026c7fcd52c0 JavaThread "Signal Dispatcher" daemon [_thread_blocked, id=18088, stack(0x000000e50ee00000,0x000000e50ef00000)]
  0x0000026c7fcd5c60 JavaThread "Attach Listener" daemon [_thread_blocked, id=21128, stack(0x000000e50ef00000,0x000000e50f000000)]
  0x0000026c7fcd6da0 JavaThread "Service Thread" daemon [_thread_blocked, id=7720, stack(0x000000e50f000000,0x000000e50f100000)]
  0x0000026c7fcd9ef0 JavaThread "Monitor Deflation Thread" daemon [_thread_blocked, id=17176, stack(0x000000e50f100000,0x000000e50f200000)]
=>0x0000026c7fce1010 JavaThread "C2 CompilerThread0" daemon [_thread_in_native, id=11428, stack(0x000000e50f200000,0x000000e50f300000)]
  0x0000026c7fce30b0 JavaThread "C1 CompilerThread0" daemon [_thread_in_vm, id=14848, stack(0x000000e50f300000,0x000000e50f400000)]
  0x0000026c7fcec170 JavaThread "Sweeper thread" daemon [_thread_blocked, id=9796, stack(0x000000e50f400000,0x000000e50f500000)]
  0x0000026c131e49b0 JavaThread "Notification Thread" daemon [_thread_blocked, id=1876, stack(0x000000e50f500000,0x000000e50f600000)]
  0x0000026c131ebaf0 JavaThread "Common-Cleaner" daemon [_thread_blocked, id=10848, stack(0x000000e50f700000,0x000000e50f800000)]
  0x0000026c14033920 JavaThread "ForkJoinPool.commonPool-worker-1" daemon [_thread_blocked, id=22500, stack(0x000000e50fd00000,0x000000e50fe00000)]
  0x0000026c140f7020 JavaThread "AsyncHttpClient-1-1" daemon [_thread_blocked, id=16812, stack(0x000000e50fe00000,0x000000e50ff00000)]
  0x0000026c143168a0 JavaThread "Exec Default Executor" daemon [_thread_in_native, id=20240, stack(0x000000e50f800000,0x000000e50f900000)]
  0x0000026c142bd880 JavaThread "Driver Service Executor" daemon [_thread_blocked, id=1760, stack(0x000000e50ff00000,0x000000e510000000)]
  0x0000026c143dee90 JavaThread "Driver Service Executor" daemon [_thread_blocked, id=20784, stack(0x000000e510000000,0x000000e510100000)]
  0x0000026c1421a640 JavaThread "UrlChecker-2" daemon [_thread_blocked, id=16764, stack(0x000000e510100000,0x000000e510200000)]
  0x0000026c143bb070 JavaThread "Exec Stream Pumper" daemon [_thread_in_native, id=12312, stack(0x000000e510200000,0x000000e510300000)]
  0x0000026c143be090 JavaThread "Exec Stream Pumper" daemon [_thread_in_native, id=15788, stack(0x000000e510300000,0x000000e510400000)]
  0x0000026c143be560 JavaThread "Keep-Alive-Timer" daemon [_thread_blocked, id=21796, stack(0x000000e510500000,0x000000e510600000)]
  0x0000026c143bc3b0 JavaThread "AsyncHttpClient-1-2" daemon [_thread_in_vm, id=11256, stack(0x000000e510600000,0x000000e510700000)]

Other Threads:
  0x0000026c7fcb57b0 VMThread "VM Thread" [stack: 0x000000e50eb00000,0x000000e50ec00000] [id=19896]
  0x0000026c131e7690 WatcherThread "VM Periodic Task Thread" [stack: 0x000000e50f600000,0x000000e50f700000] [id=9344]
  0x0000026c6f4cc6a0 WorkerThread "GC Thread#0" [stack: 0x000000e50e600000,0x000000e50e700000] [id=17528]
  0x0000026c13c76bb0 WorkerThread "GC Thread#1" [stack: 0x000000e50f900000,0x000000e50fa00000] [id=20356]
  0x0000026c13963cb0 WorkerThread "GC Thread#2" [stack: 0x000000e50fa00000,0x000000e50fb00000] [id=22032]
  0x0000026c139c1d40 WorkerThread "GC Thread#3" [stack: 0x000000e50fb00000,0x000000e50fc00000] [id=9768]
  0x0000026c6f4ddb10 ConcurrentGCThread "G1 Main Marker" [stack: 0x000000e50e700000,0x000000e50e800000] [id=12188]
  0x0000026c6f4df3b0 WorkerThread "G1 Conc#0" [stack: 0x000000e50e800000,0x000000e50e900000] [id=20100]
  0x0000026c6f51dac0 ConcurrentGCThread "G1 Refine#0" [stack: 0x000000e50e900000,0x000000e50ea00000] [id=4128]
  0x0000026c13974f80 ConcurrentGCThread "G1 Refine#1" [stack: 0x000000e50fc00000,0x000000e50fd00000] [id=17644]
  0x0000026c6f51e270 ConcurrentGCThread "G1 Service" [stack: 0x000000e50ea00000,0x000000e50eb00000] [id=6792]

Threads with active compile tasks:
C2 CompilerThread0     6497 2196   !   4       java.net.URL::<init> (543 bytes)
C1 CompilerThread0     6497 2203       3       java.lang.invoke.MethodHandles$Lookup::ensureDefineClassPermission (38 bytes)

VM state: not at safepoint (normal execution)

VM Mutex/Monitor currently owned by a thread: None

Heap address: 0x0000000081e00000, size: 2018 MB, Compressed Oops mode: 32-bit

CDS archive(s) mapped at: [0x0000000800000000-0x0000000800ba0000-0x0000000800ba0000), size 12189696, SharedBaseAddress: 0x0000000800000000, ArchiveRelocationMode: 0.
Compressed class space mapped at: 0x0000000800c00000-0x0000000840c00000, reserved size: 1073741824
Narrow klass base: 0x0000000800000000, Narrow klass shift: 0, Narrow klass range: 0x100000000

GC Precious Log:
 CardTable entry size: 512
 Card Set container configuration: InlinePtr #cards 5 size 8 Array Of Cards #cards 12 size 40 Howl #buckets 4 coarsen threshold 1843 Howl Bitmap #cards 512 size 80 coarsen threshold 460 Card regions per heap region 1 cards per card region 2048
 CPUs: 4 total, 4 available
 Memory: 8064M
 Large Page Support: Disabled
 NUMA Support: Disabled
 Compressed Oops: Enabled (32-bit)
 Heap Region Size: 1M
 Heap Min Capacity: 8M
 Heap Initial Capacity: 128M
 Heap Max Capacity: 2018M
 Pre-touch: Disabled
 Parallel Workers: 4
 Concurrent Workers: 1
 Concurrent Refinement Workers: 4
 Periodic GC: Disabled

Heap:
 garbage-first heap   total 131072K, used 46450K [0x0000000081e00000, 0x0000000100000000)
  region size 1024K, 33 young (33792K), 3 survivors (3072K)
 Metaspace       used 19868K, committed 20160K, reserved 1114112K
  class space    used 2450K, committed 2560K, reserved 1048576K

Heap Regions: E=young(eden), S=young(survivor), O=old, HS=humongous(starts), HC=humongous(continues), CS=collection set, F=free, OA=open archive, CA=closed archive, TAMS=top-at-mark-start (previous, next)
|   0|0x0000000081e00000, 0x0000000081f00000, 0x0000000081f00000|100%| O|  |TAMS 0x0000000081e00000, 0x0000000081e00000| Untracked 
|   1|0x0000000081f00000, 0x0000000082000000, 0x0000000082000000|100%| O|  |TAMS 0x0000000081f00000, 0x0000000081f00000| Untracked 
|   2|0x0000000082000000, 0x0000000082100000, 0x0000000082100000|100%| O|  |TAMS 0x0000000082000000, 0x0000000082000000| Untracked 
|   3|0x0000000082100000, 0x0000000082200000, 0x0000000082200000|100%| O|  |TAMS 0x0000000082100000, 0x0000000082100000| Untracked 
|   4|0x0000000082200000, 0x0000000082300000, 0x0000000082300000|100%| O|  |TAMS 0x0000000082200000, 0x0000000082200000| Untracked 
|   5|0x0000000082300000, 0x0000000082400000, 0x0000000082400000|100%| O|  |TAMS 0x0000000082300000, 0x0000000082300000| Untracked 
|   6|0x0000000082400000, 0x0000000082500000, 0x0000000082500000|100%| O|  |TAMS 0x0000000082400000, 0x0000000082400000| Untracked 
|   7|0x0000000082500000, 0x0000000082600000, 0x0000000082600000|100%| O|  |TAMS 0x0000000082500000, 0x0000000082500000| Untracked 
|   8|0x0000000082600000, 0x0000000082700000, 0x0000000082700000|100%| O|  |TAMS 0x0000000082600000, 0x0000000082600000| Untracked 
|   9|0x0000000082700000, 0x0000000082800000, 0x0000000082800000|100%|HS|  |TAMS 0x0000000082700000, 0x0000000082700000| Complete 
|  10|0x0000000082800000, 0x0000000082900000, 0x0000000082900000|100%|HC|  |TAMS 0x0000000082800000, 0x0000000082800000| Complete 
|  11|0x0000000082900000, 0x0000000082a00000, 0x0000000082a00000|100%|HC|  |TAMS 0x0000000082900000, 0x0000000082900000| Complete 
|  12|0x0000000082a00000, 0x0000000082b00000, 0x0000000082b00000|100%|HC|  |TAMS 0x0000000082a00000, 0x0000000082a00000| Complete 
|  13|0x0000000082b00000, 0x0000000082c00000, 0x0000000082c00000|100%|HC|  |TAMS 0x0000000082b00000, 0x0000000082b00000| Complete 
|  14|0x0000000082c00000, 0x0000000082c00000, 0x0000000082d00000|  0%| F|  |TAMS 0x0000000082c00000, 0x0000000082c00000| Untracked 
|  15|0x0000000082d00000, 0x0000000082d00000, 0x0000000082e00000|  0%| F|  |TAMS 0x0000000082d00000, 0x0000000082d00000| Untracked 
|  16|0x0000000082e00000, 0x0000000082e00000, 0x0000000082f00000|  0%| F|  |TAMS 0x0000000082e00000, 0x0000000082e00000| Untracked 
|  17|0x0000000082f00000, 0x0000000082f00000, 0x0000000083000000|  0%| F|  |TAMS 0x0000000082f00000, 0x0000000082f00000| Untracked 
|  18|0x0000000083000000, 0x0000000083000000, 0x0000000083100000|  0%| F|  |TAMS 0x0000000083000000, 0x0000000083000000| Untracked 
|  19|0x0000000083100000, 0x0000000083100000, 0x0000000083200000|  0%| F|  |TAMS 0x0000000083100000, 0x0000000083100000| Untracked 
|  20|0x0000000083200000, 0x0000000083200000, 0x0000000083300000|  0%| F|  |TAMS 0x0000000083200000, 0x0000000083200000| Untracked 
|  21|0x0000000083300000, 0x0000000083300000, 0x0000000083400000|  0%| F|  |TAMS 0x0000000083300000, 0x0000000083300000| Untracked 
|  22|0x0000000083400000, 0x0000000083400000, 0x0000000083500000|  0%| F|  |TAMS 0x0000000083400000, 0x0000000083400000| Untracked 
|  23|0x0000000083500000, 0x0000000083500000, 0x0000000083600000|  0%| F|  |TAMS 0x0000000083500000, 0x0000000083500000| Untracked 
|  24|0x0000000083600000, 0x0000000083600000, 0x0000000083700000|  0%| F|  |TAMS 0x0000000083600000, 0x0000000083600000| Untracked 
|  25|0x0000000083700000, 0x0000000083700000, 0x0000000083800000|  0%| F|  |TAMS 0x0000000083700000, 0x0000000083700000| Untracked 
|  26|0x0000000083800000, 0x0000000083800000, 0x0000000083900000|  0%| F|  |TAMS 0x0000000083800000, 0x0000000083800000| Untracked 
|  27|0x0000000083900000, 0x0000000083900000, 0x0000000083a00000|  0%| F|  |TAMS 0x0000000083900000, 0x0000000083900000| Untracked 
|  28|0x0000000083a00000, 0x0000000083a00000, 0x0000000083b00000|  0%| F|  |TAMS 0x0000000083a00000, 0x0000000083a00000| Untracked 
|  29|0x0000000083b00000, 0x0000000083b00000, 0x0000000083c00000|  0%| F|  |TAMS 0x0000000083b00000, 0x0000000083b00000| Untracked 
|  30|0x0000000083c00000, 0x0000000083c00000, 0x0000000083d00000|  0%| F|  |TAMS 0x0000000083c00000, 0x0000000083c00000| Untracked 
|  31|0x0000000083d00000, 0x0000000083d00000, 0x0000000083e00000|  0%| F|  |TAMS 0x0000000083d00000, 0x0000000083d00000| Untracked 
|  32|0x0000000083e00000, 0x0000000083e00000, 0x0000000083f00000|  0%| F|  |TAMS 0x0000000083e00000, 0x0000000083e00000| Untracked 
|  33|0x0000000083f00000, 0x0000000083f00000, 0x0000000084000000|  0%| F|  |TAMS 0x0000000083f00000, 0x0000000083f00000| Untracked 
|  34|0x0000000084000000, 0x0000000084000000, 0x0000000084100000|  0%| F|  |TAMS 0x0000000084000000, 0x0000000084000000| Untracked 
|  35|0x0000000084100000, 0x0000000084100000, 0x0000000084200000|  0%| F|  |TAMS 0x0000000084100000, 0x0000000084100000| Untracked 
|  36|0x0000000084200000, 0x0000000084200000, 0x0000000084300000|  0%| F|  |TAMS 0x0000000084200000, 0x0000000084200000| Untracked 
|  37|0x0000000084300000, 0x0000000084300000, 0x0000000084400000|  0%| F|  |TAMS 0x0000000084300000, 0x0000000084300000| Untracked 
|  38|0x0000000084400000, 0x0000000084400000, 0x0000000084500000|  0%| F|  |TAMS 0x0000000084400000, 0x0000000084400000| Untracked 
|  39|0x0000000084500000, 0x0000000084500000, 0x0000000084600000|  0%| F|  |TAMS 0x0000000084500000, 0x0000000084500000| Untracked 
|  40|0x0000000084600000, 0x0000000084600000, 0x0000000084700000|  0%| F|  |TAMS 0x0000000084600000, 0x0000000084600000| Untracked 
|  41|0x0000000084700000, 0x0000000084700000, 0x0000000084800000|  0%| F|  |TAMS 0x0000000084700000, 0x0000000084700000| Untracked 
|  42|0x0000000084800000, 0x0000000084800000, 0x0000000084900000|  0%| F|  |TAMS 0x0000000084800000, 0x0000000084800000| Untracked 
|  43|0x0000000084900000, 0x0000000084900000, 0x0000000084a00000|  0%| F|  |TAMS 0x0000000084900000, 0x0000000084900000| Untracked 
|  44|0x0000000084a00000, 0x0000000084a00000, 0x0000000084b00000|  0%| F|  |TAMS 0x0000000084a00000, 0x0000000084a00000| Untracked 
|  45|0x0000000084b00000, 0x0000000084b00000, 0x0000000084c00000|  0%| F|  |TAMS 0x0000000084b00000, 0x0000000084b00000| Untracked 
|  46|0x0000000084c00000, 0x0000000084c00000, 0x0000000084d00000|  0%| F|  |TAMS 0x0000000084c00000, 0x0000000084c00000| Untracked 
|  47|0x0000000084d00000, 0x0000000084d00000, 0x0000000084e00000|  0%| F|  |TAMS 0x0000000084d00000, 0x0000000084d00000| Untracked 
|  48|0x0000000084e00000, 0x0000000084e00000, 0x0000000084f00000|  0%| F|  |TAMS 0x0000000084e00000, 0x0000000084e00000| Untracked 
|  49|0x0000000084f00000, 0x0000000084f00000, 0x0000000085000000|  0%| F|  |TAMS 0x0000000084f00000, 0x0000000084f00000| Untracked 
|  50|0x0000000085000000, 0x0000000085000000, 0x0000000085100000|  0%| F|  |TAMS 0x0000000085000000, 0x0000000085000000| Untracked 
|  51|0x0000000085100000, 0x0000000085100000, 0x0000000085200000|  0%| F|  |TAMS 0x0000000085100000, 0x0000000085100000| Untracked 
|  52|0x0000000085200000, 0x0000000085200000, 0x0000000085300000|  0%| F|  |TAMS 0x0000000085200000, 0x0000000085200000| Untracked 
|  53|0x0000000085300000, 0x0000000085300000, 0x0000000085400000|  0%| F|  |TAMS 0x0000000085300000, 0x0000000085300000| Untracked 
|  54|0x0000000085400000, 0x0000000085400000, 0x0000000085500000|  0%| F|  |TAMS 0x0000000085400000, 0x0000000085400000| Untracked 
|  55|0x0000000085500000, 0x0000000085500000, 0x0000000085600000|  0%| F|  |TAMS 0x0000000085500000, 0x0000000085500000| Untracked 
|  56|0x0000000085600000, 0x0000000085600000, 0x0000000085700000|  0%| F|  |TAMS 0x0000000085600000, 0x0000000085600000| Untracked 
|  57|0x0000000085700000, 0x0000000085700000, 0x0000000085800000|  0%| F|  |TAMS 0x0000000085700000, 0x0000000085700000| Untracked 
|  58|0x0000000085800000, 0x0000000085800000, 0x0000000085900000|  0%| F|  |TAMS 0x0000000085800000, 0x0000000085800000| Untracked 
|  59|0x0000000085900000, 0x0000000085900000, 0x0000000085a00000|  0%| F|  |TAMS 0x0000000085900000, 0x0000000085900000| Untracked 
|  60|0x0000000085a00000, 0x0000000085a00000, 0x0000000085b00000|  0%| F|  |TAMS 0x0000000085a00000, 0x0000000085a00000| Untracked 
|  61|0x0000000085b00000, 0x0000000085b00000, 0x0000000085c00000|  0%| F|  |TAMS 0x0000000085b00000, 0x0000000085b00000| Untracked 
|  62|0x0000000085c00000, 0x0000000085c00000, 0x0000000085d00000|  0%| F|  |TAMS 0x0000000085c00000, 0x0000000085c00000| Untracked 
|  63|0x0000000085d00000, 0x0000000085d00000, 0x0000000085e00000|  0%| F|  |TAMS 0x0000000085d00000, 0x0000000085d00000| Untracked 
|  64|0x0000000085e00000, 0x0000000085e00000, 0x0000000085f00000|  0%| F|  |TAMS 0x0000000085e00000, 0x0000000085e00000| Untracked 
|  65|0x0000000085f00000, 0x0000000085f00000, 0x0000000086000000|  0%| F|  |TAMS 0x0000000085f00000, 0x0000000085f00000| Untracked 
|  66|0x0000000086000000, 0x0000000086000000, 0x0000000086100000|  0%| F|  |TAMS 0x0000000086000000, 0x0000000086000000| Untracked 
|  67|0x0000000086100000, 0x0000000086100000, 0x0000000086200000|  0%| F|  |TAMS 0x0000000086100000, 0x0000000086100000| Untracked 
|  68|0x0000000086200000, 0x0000000086200000, 0x0000000086300000|  0%| F|  |TAMS 0x0000000086200000, 0x0000000086200000| Untracked 
|  69|0x0000000086300000, 0x0000000086300000, 0x0000000086400000|  0%| F|  |TAMS 0x0000000086300000, 0x0000000086300000| Untracked 
|  70|0x0000000086400000, 0x0000000086400000, 0x0000000086500000|  0%| F|  |TAMS 0x0000000086400000, 0x0000000086400000| Untracked 
|  71|0x0000000086500000, 0x0000000086500000, 0x0000000086600000|  0%| F|  |TAMS 0x0000000086500000, 0x0000000086500000| Untracked 
|  72|0x0000000086600000, 0x0000000086600000, 0x0000000086700000|  0%| F|  |TAMS 0x0000000086600000, 0x0000000086600000| Untracked 
|  73|0x0000000086700000, 0x0000000086700000, 0x0000000086800000|  0%| F|  |TAMS 0x0000000086700000, 0x0000000086700000| Untracked 
|  74|0x0000000086800000, 0x0000000086800000, 0x0000000086900000|  0%| F|  |TAMS 0x0000000086800000, 0x0000000086800000| Untracked 
|  75|0x0000000086900000, 0x0000000086900000, 0x0000000086a00000|  0%| F|  |TAMS 0x0000000086900000, 0x0000000086900000| Untracked 
|  76|0x0000000086a00000, 0x0000000086a00000, 0x0000000086b00000|  0%| F|  |TAMS 0x0000000086a00000, 0x0000000086a00000| Untracked 
|  77|0x0000000086b00000, 0x0000000086b00000, 0x0000000086c00000|  0%| F|  |TAMS 0x0000000086b00000, 0x0000000086b00000| Untracked 
|  78|0x0000000086c00000, 0x0000000086c00000, 0x0000000086d00000|  0%| F|  |TAMS 0x0000000086c00000, 0x0000000086c00000| Untracked 
|  79|0x0000000086d00000, 0x0000000086d00000, 0x0000000086e00000|  0%| F|  |TAMS 0x0000000086d00000, 0x0000000086d00000| Untracked 
|  80|0x0000000086e00000, 0x0000000086e00000, 0x0000000086f00000|  0%| F|  |TAMS 0x0000000086e00000, 0x0000000086e00000| Untracked 
|  81|0x0000000086f00000, 0x0000000086f00000, 0x0000000087000000|  0%| F|  |TAMS 0x0000000086f00000, 0x0000000086f00000| Untracked 
|  82|0x0000000087000000, 0x0000000087000000, 0x0000000087100000|  0%| F|  |TAMS 0x0000000087000000, 0x0000000087000000| Untracked 
|  83|0x0000000087100000, 0x0000000087100000, 0x0000000087200000|  0%| F|  |TAMS 0x0000000087100000, 0x0000000087100000| Untracked 
|  84|0x0000000087200000, 0x0000000087200000, 0x0000000087300000|  0%| F|  |TAMS 0x0000000087200000, 0x0000000087200000| Untracked 
|  85|0x0000000087300000, 0x0000000087300000, 0x0000000087400000|  0%| F|  |TAMS 0x0000000087300000, 0x0000000087300000| Untracked 
|  86|0x0000000087400000, 0x0000000087400000, 0x0000000087500000|  0%| F|  |TAMS 0x0000000087400000, 0x0000000087400000| Untracked 
|  87|0x0000000087500000, 0x0000000087500000, 0x0000000087600000|  0%| F|  |TAMS 0x0000000087500000, 0x0000000087500000| Untracked 
|  88|0x0000000087600000, 0x0000000087600000, 0x0000000087700000|  0%| F|  |TAMS 0x0000000087600000, 0x0000000087600000| Untracked 
|  89|0x0000000087700000, 0x0000000087700000, 0x0000000087800000|  0%| F|  |TAMS 0x0000000087700000, 0x0000000087700000| Untracked 
|  90|0x0000000087800000, 0x0000000087800000, 0x0000000087900000|  0%| F|  |TAMS 0x0000000087800000, 0x0000000087800000| Untracked 
|  91|0x0000000087900000, 0x0000000087900000, 0x0000000087a00000|  0%| F|  |TAMS 0x0000000087900000, 0x0000000087900000| Untracked 
|  92|0x0000000087a00000, 0x0000000087a00000, 0x0000000087b00000|  0%| F|  |TAMS 0x0000000087a00000, 0x0000000087a00000| Untracked 
|  93|0x0000000087b00000, 0x0000000087b00000, 0x0000000087c00000|  0%| F|  |TAMS 0x0000000087b00000, 0x0000000087b00000| Untracked 
|  94|0x0000000087c00000, 0x0000000087c00000, 0x0000000087d00000|  0%| F|  |TAMS 0x0000000087c00000, 0x0000000087c00000| Untracked 
|  95|0x0000000087d00000, 0x0000000087dfaff0, 0x0000000087e00000| 98%| E|  |TAMS 0x0000000087d00000, 0x0000000087d00000| Complete 
|  96|0x0000000087e00000, 0x0000000087f00000, 0x0000000087f00000|100%| E|CS|TAMS 0x0000000087e00000, 0x0000000087e00000| Complete 
|  97|0x0000000087f00000, 0x0000000088000000, 0x0000000088000000|100%| E|CS|TAMS 0x0000000087f00000, 0x0000000087f00000| Complete 
|  98|0x0000000088000000, 0x0000000088100000, 0x0000000088100000|100%| E|CS|TAMS 0x0000000088000000, 0x0000000088000000| Complete 
|  99|0x0000000088100000, 0x0000000088200000, 0x0000000088200000|100%| E|CS|TAMS 0x0000000088100000, 0x0000000088100000| Complete 
| 100|0x0000000088200000, 0x0000000088300000, 0x0000000088300000|100%| E|CS|TAMS 0x0000000088200000, 0x0000000088200000| Complete 
| 101|0x0000000088300000, 0x0000000088400000, 0x0000000088400000|100%| E|CS|TAMS 0x0000000088300000, 0x0000000088300000| Complete 
| 102|0x0000000088400000, 0x0000000088500000, 0x0000000088500000|100%| E|CS|TAMS 0x0000000088400000, 0x0000000088400000| Complete 
| 103|0x0000000088500000, 0x0000000088600000, 0x0000000088600000|100%| E|CS|TAMS 0x0000000088500000, 0x0000000088500000| Complete 
| 104|0x0000000088600000, 0x0000000088700000, 0x0000000088700000|100%| E|CS|TAMS 0x0000000088600000, 0x0000000088600000| Complete 
| 105|0x0000000088700000, 0x000000008875c808, 0x0000000088800000| 36%| S|CS|TAMS 0x0000000088700000, 0x0000000088700000| Complete 
| 106|0x0000000088800000, 0x0000000088900000, 0x0000000088900000|100%| S|CS|TAMS 0x0000000088800000, 0x0000000088800000| Complete 
| 107|0x0000000088900000, 0x0000000088a00000, 0x0000000088a00000|100%| S|CS|TAMS 0x0000000088900000, 0x0000000088900000| Complete 
| 108|0x0000000088a00000, 0x0000000088b00000, 0x0000000088b00000|100%| E|CS|TAMS 0x0000000088a00000, 0x0000000088a00000| Complete 
| 109|0x0000000088b00000, 0x0000000088c00000, 0x0000000088c00000|100%| E|CS|TAMS 0x0000000088b00000, 0x0000000088b00000| Complete 
| 110|0x0000000088c00000, 0x0000000088d00000, 0x0000000088d00000|100%| E|CS|TAMS 0x0000000088c00000, 0x0000000088c00000| Complete 
| 111|0x0000000088d00000, 0x0000000088e00000, 0x0000000088e00000|100%| E|CS|TAMS 0x0000000088d00000, 0x0000000088d00000| Complete 
| 112|0x0000000088e00000, 0x0000000088f00000, 0x0000000088f00000|100%| E|CS|TAMS 0x0000000088e00000, 0x0000000088e00000| Complete 
| 113|0x0000000088f00000, 0x0000000089000000, 0x0000000089000000|100%| E|CS|TAMS 0x0000000088f00000, 0x0000000088f00000| Complete 
| 114|0x0000000089000000, 0x0000000089100000, 0x0000000089100000|100%| E|CS|TAMS 0x0000000089000000, 0x0000000089000000| Complete 
| 115|0x0000000089100000, 0x0000000089200000, 0x0000000089200000|100%| E|CS|TAMS 0x0000000089100000, 0x0000000089100000| Complete 
| 116|0x0000000089200000, 0x0000000089300000, 0x0000000089300000|100%| E|CS|TAMS 0x0000000089200000, 0x0000000089200000| Complete 
| 117|0x0000000089300000, 0x0000000089400000, 0x0000000089400000|100%| E|CS|TAMS 0x0000000089300000, 0x0000000089300000| Complete 
| 118|0x0000000089400000, 0x0000000089500000, 0x0000000089500000|100%| E|CS|TAMS 0x0000000089400000, 0x0000000089400000| Complete 
| 119|0x0000000089500000, 0x0000000089600000, 0x0000000089600000|100%| E|CS|TAMS 0x0000000089500000, 0x0000000089500000| Complete 
| 120|0x0000000089600000, 0x0000000089700000, 0x0000000089700000|100%| E|CS|TAMS 0x0000000089600000, 0x0000000089600000| Complete 
| 121|0x0000000089700000, 0x0000000089800000, 0x0000000089800000|100%| E|CS|TAMS 0x0000000089700000, 0x0000000089700000| Complete 
| 122|0x0000000089800000, 0x0000000089900000, 0x0000000089900000|100%| E|CS|TAMS 0x0000000089800000, 0x0000000089800000| Complete 
| 123|0x0000000089900000, 0x0000000089a00000, 0x0000000089a00000|100%| E|CS|TAMS 0x0000000089900000, 0x0000000089900000| Complete 
| 124|0x0000000089a00000, 0x0000000089b00000, 0x0000000089b00000|100%| E|CS|TAMS 0x0000000089a00000, 0x0000000089a00000| Complete 
| 125|0x0000000089b00000, 0x0000000089c00000, 0x0000000089c00000|100%| E|CS|TAMS 0x0000000089b00000, 0x0000000089b00000| Complete 
| 126|0x0000000089c00000, 0x0000000089d00000, 0x0000000089d00000|100%| E|CS|TAMS 0x0000000089c00000, 0x0000000089c00000| Complete 
| 127|0x0000000089d00000, 0x0000000089e00000, 0x0000000089e00000|100%| E|CS|TAMS 0x0000000089d00000, 0x0000000089d00000| Complete 

Card table byte_map: [0x0000026c78fc0000,0x0000026c793c0000] _byte_map_base: 0x0000026c78bb1000

Marking Bits (Prev, Next): (CMBitMap*) 0x0000026c6f4ccca0, (CMBitMap*) 0x0000026c6f4ccce0
 Prev Bits: [0x0000026c797c0000, 0x0000026c7b748000)
 Next Bits: [0x0000026c7b750000, 0x0000026c7d6d8000)

Polling page: 0x0000026c6f520000

Metaspace:

Usage:
  Non-class:     17.01 MB used.
      Class:      2.39 MB used.
       Both:     19.40 MB used.

Virtual space:
  Non-class space:       64.00 MB reserved,      17.19 MB ( 27%) committed,  1 nodes.
      Class space:        1.00 GB reserved,       2.50 MB ( <1%) committed,  1 nodes.
             Both:        1.06 GB reserved,      19.69 MB (  2%) committed. 

Chunk freelists:
   Non-Class:  2.80 MB
       Class:  1.50 MB
        Both:  4.30 MB

MaxMetaspaceSize: unlimited
CompressedClassSpaceSize: 1.00 GB
Initial GC threshold: 21.00 MB
Current GC threshold: 21.00 MB
CDS: on
MetaspaceReclaimPolicy: balanced
 - commit_granule_bytes: 65536.
 - commit_granule_words: 8192.
 - virtual_space_node_default_size: 8388608.
 - enlarge_chunks_in_place: 1.
 - new_chunks_are_fully_committed: 0.
 - uncommit_free_chunks: 1.
 - use_allocation_guard: 0.


Internal statistics:

num_allocs_failed_limit: 0.
num_arena_births: 174.
num_arena_deaths: 0.
num_vsnodes_births: 2.
num_vsnodes_deaths: 0.
num_space_committed: 315.
num_space_uncommitted: 0.
num_chunks_returned_to_freelist: 0.
num_chunks_taken_from_freelist: 686.
num_chunk_merges: 0.
num_chunk_splits: 458.
num_chunks_enlarged: 366.
num_inconsistent_stats: 0.

CodeHeap 'non-profiled nmethods': size=120000Kb used=870Kb max_used=870Kb free=119129Kb
 bounds [0x0000026c07ad0000, 0x0000026c07d40000, 0x0000026c0f000000]
CodeHeap 'profiled nmethods': size=120000Kb used=4348Kb max_used=4348Kb free=115651Kb
 bounds [0x0000026c005a0000, 0x0000026c009e0000, 0x0000026c07ad0000]
CodeHeap 'non-nmethods': size=5760Kb used=1258Kb max_used=1304Kb free=4501Kb
 bounds [0x0000026c00000000, 0x0000026c00270000, 0x0000026c005a0000]
 total_blobs=2755 nmethods=2199 adapters=468
 compilation: enabled
              stopped_count=0, restarted_count=0
 full_count=0

Compilation events (20 events):
Event: 5.187 Thread 0x0000026c7fce30b0 2192       3       io.netty.util.internal.StringUtil::byteToHexStringPadded (10 bytes)
Event: 5.188 Thread 0x0000026c7fce30b0 nmethod 2192 0x0000026c009dd010 code [0x0000026c009dd1a0, 0x0000026c009dd298]
Event: 5.191 Thread 0x0000026c7fce1010 nmethod 2189 0x0000026c07ba7d90 code [0x0000026c07ba7f20, 0x0000026c07ba8238]
Event: 5.191 Thread 0x0000026c7fce1010 2190       4       java.lang.StringBuilder::<init> (6 bytes)
Event: 5.193 Thread 0x0000026c7fce1010 nmethod 2190 0x0000026c07ba8410 code [0x0000026c07ba85a0, 0x0000026c07ba8818]
Event: 5.193 Thread 0x0000026c7fce1010 2191       4       java.lang.Integer::numberOfLeadingZeros (79 bytes)
Event: 5.193 Thread 0x0000026c7fce1010 nmethod 2191 0x0000026c07ba8910 code [0x0000026c07ba8a80, 0x0000026c07ba8b58]
Event: 5.207 Thread 0x0000026c7fce1010 2193       4       sun.net.www.ParseUtil::encodePath (41 bytes)
Event: 5.212 Thread 0x0000026c7fce1010 nmethod 2193 0x0000026c07ba8c10 code [0x0000026c07ba8dc0, 0x0000026c07ba9048]
Event: 6.391 Thread 0x0000026c7fce1010 2196   !   4       java.net.URL::<init> (543 bytes)
Event: 6.429 Thread 0x0000026c7fce30b0 2198       3       java.io.InputStream::<init> (5 bytes)
Event: 6.429 Thread 0x0000026c7fce30b0 nmethod 2198 0x0000026c009dd390 code [0x0000026c009dd520, 0x0000026c009dd698]
Event: 6.431 Thread 0x0000026c7fce30b0 2199       3       java.lang.invoke.BoundMethodHandle::rebind (14 bytes)
Event: 6.431 Thread 0x0000026c7fce30b0 nmethod 2199 0x0000026c009dd790 code [0x0000026c009dd980, 0x0000026c009ddee8]
Event: 6.431 Thread 0x0000026c7fce30b0 2200       3       java.lang.invoke.BoundMethodHandle::tooComplex (27 bytes)
Event: 6.432 Thread 0x0000026c7fce30b0 nmethod 2200 0x0000026c009de110 code [0x0000026c009de2e0, 0x0000026c009de758]
Event: 6.432 Thread 0x0000026c7fce30b0 2201       3       java.lang.invoke.BoundMethodHandle::fieldCount (8 bytes)
Event: 6.432 Thread 0x0000026c7fce30b0 nmethod 2201 0x0000026c009de910 code [0x0000026c009deac0, 0x0000026c009dedb8]
Event: 6.432 Thread 0x0000026c7fce30b0 2202       3       java.lang.invoke.LambdaForm::expressionCount (11 bytes)
Event: 6.432 Thread 0x0000026c7fce30b0 nmethod 2202 0x0000026c009def10 code [0x0000026c009df0a0, 0x0000026c009df1b8]

GC Heap History (6 events):
Event: 0.850 GC heap before
{Heap before GC invocations=0 (full 0):
 garbage-first heap   total 131072K, used 12288K [0x0000000081e00000, 0x0000000100000000)
  region size 1024K, 13 young (13312K), 0 survivors (0K)
 Metaspace       used 2115K, committed 2240K, reserved 1114112K
  class space    used 214K, committed 256K, reserved 1048576K
}
Event: 0.858 GC heap after
{Heap after GC invocations=1 (full 0):
 garbage-first heap   total 131072K, used 7311K [0x0000000081e00000, 0x0000000100000000)
  region size 1024K, 2 young (2048K), 2 survivors (2048K)
 Metaspace       used 2115K, committed 2240K, reserved 1114112K
  class space    used 214K, committed 256K, reserved 1048576K
}
Event: 1.836 GC heap before
{Heap before GC invocations=1 (full 0):
 garbage-first heap   total 131072K, used 14479K [0x0000000081e00000, 0x0000000100000000)
  region size 1024K, 10 young (10240K), 2 survivors (2048K)
 Metaspace       used 4676K, committed 4928K, reserved 1114112K
  class space    used 537K, committed 640K, reserved 1048576K
}
Event: 1.840 GC heap after
{Heap after GC invocations=2 (full 0):
 garbage-first heap   total 131072K, used 9716K [0x0000000081e00000, 0x0000000100000000)
  region size 1024K, 2 young (2048K), 2 survivors (2048K)
 Metaspace       used 4676K, committed 4928K, reserved 1114112K
  class space    used 537K, committed 640K, reserved 1048576K
}
Event: 2.577 GC heap before
{Heap before GC invocations=2 (full 0):
 garbage-first heap   total 131072K, used 27124K [0x0000000081e00000, 0x0000000100000000)
  region size 1024K, 20 young (20480K), 2 survivors (2048K)
 Metaspace       used 9840K, committed 10048K, reserved 1114112K
  class space    used 1209K, committed 1280K, reserved 1048576K
}
Event: 2.583 GC heap after
{Heap after GC invocations=3 (full 0):
 garbage-first heap   total 131072K, used 11634K [0x0000000081e00000, 0x0000000100000000)
  region size 1024K, 3 young (3072K), 3 survivors (3072K)
 Metaspace       used 9840K, committed 10048K, reserved 1114112K
  class space    used 1209K, committed 1280K, reserved 1048576K
}

Deoptimization events (20 events):
Event: 3.199 Thread 0x0000026c1421a640 Uncommon trap: trap_request=0xffffff45 fr.pc=0x0000026c07b6f62c relative=0x000000000000010c
Event: 3.199 Thread 0x0000026c1421a640 Uncommon trap: reason=unstable_if action=reinterpret pc=0x0000026c07b6f62c method=java.lang.CharacterDataLatin1.digit(II)I @ 12 c2
Event: 3.200 Thread 0x0000026c1421a640 DEOPT PACKING pc=0x0000026c07b6f62c sp=0x000000e5101fed20
Event: 3.200 Thread 0x0000026c1421a640 DEOPT UNPACKING pc=0x0000026c000523a3 sp=0x000000e5101febd8 mode 2
Event: 3.220 Thread 0x0000026c1421a640 Uncommon trap: trap_request=0xffffff45 fr.pc=0x0000026c07b6f248 relative=0x00000000000000a8
Event: 3.220 Thread 0x0000026c1421a640 Uncommon trap: reason=unstable_if action=reinterpret pc=0x0000026c07b6f248 method=java.lang.CharacterDataLatin1.digit(II)I @ 12 c2
Event: 3.220 Thread 0x0000026c1421a640 DEOPT PACKING pc=0x0000026c07b6f248 sp=0x000000e5101fec80
Event: 3.220 Thread 0x0000026c1421a640 DEOPT UNPACKING pc=0x0000026c000523a3 sp=0x000000e5101febf8 mode 2
Event: 3.317 Thread 0x0000026c6f46b2b0 Uncommon trap: trap_request=0xffffff45 fr.pc=0x0000026c07b490f0 relative=0x00000000000000d0
Event: 3.317 Thread 0x0000026c6f46b2b0 Uncommon trap: reason=unstable_if action=reinterpret pc=0x0000026c07b490f0 method=sun.reflect.generics.parser.SignatureParser.current()C @ 39 c2
Event: 3.317 Thread 0x0000026c6f46b2b0 DEOPT PACKING pc=0x0000026c07b490f0 sp=0x000000e50e5fba20
Event: 3.317 Thread 0x0000026c6f46b2b0 DEOPT UNPACKING pc=0x0000026c000523a3 sp=0x000000e50e5fb9b8 mode 2
Event: 5.239 Thread 0x0000026c143bc3b0 Uncommon trap: trap_request=0xffffffde fr.pc=0x0000026c07b770b8 relative=0x0000000000000818
Event: 5.239 Thread 0x0000026c143bc3b0 Uncommon trap: reason=class_check action=maybe_recompile pc=0x0000026c07b770b8 method=java.util.HashMap.putVal(ILjava/lang/Object;Ljava/lang/Object;ZZ)Ljava/lang/Object; @ 91 c2
Event: 5.239 Thread 0x0000026c143bc3b0 DEOPT PACKING pc=0x0000026c07b770b8 sp=0x000000e5106feee0
Event: 5.239 Thread 0x0000026c143bc3b0 DEOPT UNPACKING pc=0x0000026c000523a3 sp=0x000000e5106fee90 mode 2
Event: 5.239 Thread 0x0000026c143bc3b0 Uncommon trap: trap_request=0xffffffde fr.pc=0x0000026c07b770b8 relative=0x0000000000000818
Event: 5.239 Thread 0x0000026c143bc3b0 Uncommon trap: reason=class_check action=maybe_recompile pc=0x0000026c07b770b8 method=java.util.HashMap.putVal(ILjava/lang/Object;Ljava/lang/Object;ZZ)Ljava/lang/Object; @ 91 c2
Event: 5.239 Thread 0x0000026c143bc3b0 DEOPT PACKING pc=0x0000026c07b770b8 sp=0x000000e5106feee0
Event: 5.239 Thread 0x0000026c143bc3b0 DEOPT UNPACKING pc=0x0000026c000523a3 sp=0x000000e5106fee90 mode 2

Classes loaded (20 events):
Event: 5.112 Loading class java/lang/invoke/ConstantBootstraps
Event: 5.113 Loading class java/lang/invoke/ConstantBootstraps done
Event: 5.166 Loading class java/nio/channels/UnsupportedAddressTypeException
Event: 5.166 Loading class java/nio/channels/UnsupportedAddressTypeException done
Event: 5.175 Loading class java/nio/channels/spi/AbstractSelector$1
Event: 5.175 Loading class java/nio/channels/spi/AbstractSelector$1 done
Event: 5.195 Loading class java/io/PushbackInputStream
Event: 5.202 Loading class java/io/PushbackInputStream done
Event: 5.224 Loading class java/nio/charset/IllegalCharsetNameException
Event: 5.224 Loading class java/nio/charset/IllegalCharsetNameException done
Event: 5.224 Loading class java/nio/charset/UnsupportedCharsetException
Event: 5.224 Loading class java/nio/charset/UnsupportedCharsetException done
Event: 5.236 Loading class sun/nio/ch/IOVecWrapper
Event: 5.236 Loading class sun/nio/ch/IOVecWrapper done
Event: 5.236 Loading class sun/nio/ch/AllocatedNativeObject
Event: 5.236 Loading class sun/nio/ch/NativeObject
Event: 5.236 Loading class sun/nio/ch/NativeObject done
Event: 5.236 Loading class sun/nio/ch/AllocatedNativeObject done
Event: 5.236 Loading class sun/nio/ch/IOVecWrapper$Deallocator
Event: 5.236 Loading class sun/nio/ch/IOVecWrapper$Deallocator done

Classes unloaded (0 events):
No events

Classes redefined (0 events):
No events

Internal exceptions (20 events):
Event: 3.094 Thread 0x0000026c6f46b2b0 Exception <a 'java/lang/NoSuchMethodError'{0x0000000088fad2c0}: 'java.lang.Object java.lang.invoke.DirectMethodHandle$Holder.invokeVirtual(java.lang.Object, java.lang.Object, java.lang.Object)'> (0x0000000088fad2c0) 
thrown [s\open\src\hotspot\share\interpreter\linkResolver.cpp, line 766]
Event: 3.178 Thread 0x0000026c143168a0 Exception <a 'java/lang/NoSuchMethodError'{0x0000000088c0f758}: 'void java.lang.invoke.DirectMethodHandle$Holder.invokeStatic(java.lang.Object, long)'> (0x0000000088c0f758) 
thrown [s\open\src\hotspot\share\interpreter\linkResolver.cpp, line 766]
Event: 3.179 Thread 0x0000026c143168a0 Exception <a 'java/lang/NoSuchMethodError'{0x0000000088c14b00}: 'java.lang.Object java.lang.invoke.DirectMethodHandle$Holder.newInvokeSpecial(java.lang.Object, long)'> (0x0000000088c14b00) 
thrown [s\open\src\hotspot\share\interpreter\linkResolver.cpp, line 766]
Event: 3.187 Thread 0x0000026c143168a0 Exception <a 'java/lang/NoSuchMethodError'{0x0000000088c1edb8}: 'java.lang.Object java.lang.invoke.DirectMethodHandle$Holder.invokeStaticInit(java.lang.Object, java.lang.Object, long, java.lang.Object)'> (0x0000000088c1edb8) 
thrown [s\open\src\hotspot\share\interpreter\linkResolver.cpp, line 766]
Event: 3.189 Thread 0x0000026c143168a0 Exception <a 'java/lang/NoSuchMethodError'{0x0000000088c24e40}: 'java.lang.Object java.lang.invoke.DirectMethodHandle$Holder.newInvokeSpecial(java.lang.Object, java.lang.Object, long)'> (0x0000000088c24e40) 
thrown [s\open\src\hotspot\share\interpreter\linkResolver.cpp, line 766]
Event: 3.190 Thread 0x0000026c143168a0 Exception <a 'java/lang/NoSuchMethodError'{0x0000000088c289b8}: 'java.lang.Object java.lang.invoke.Invokers$Holder.linkToTargetMethod(java.lang.Object, long, java.lang.Object)'> (0x0000000088c289b8) 
thrown [s\open\src\hotspot\share\interpreter\linkResolver.cpp, line 766]
Event: 3.200 Thread 0x0000026c1421a640 Exception <a 'java/net/ConnectException'{0x0000000088cabf60}: Connection refused: no further information> (0x0000000088cabf60) 
thrown [s\open\src\hotspot\share\prims\jni.cpp, line 535]
Event: 3.201 Thread 0x0000026c1421a640 Exception <a 'java/net/SocketException'{0x0000000088cac298}: Socket is not connected: shutdown> (0x0000000088cac298) 
thrown [s\open\src\hotspot\share\prims\jni.cpp, line 535]
Event: 3.220 Thread 0x0000026c1421a640 Exception <a 'java/net/ConnectException'{0x0000000088cad300}: Connection refused: no further information> (0x0000000088cad300) 
thrown [s\open\src\hotspot\share\prims\jni.cpp, line 535]
Event: 3.221 Thread 0x0000026c1421a640 Exception <a 'java/net/SocketException'{0x0000000088cad638}: Socket is not connected: shutdown> (0x0000000088cad638) 
thrown [s\open\src\hotspot\share\prims\jni.cpp, line 535]
Event: 3.254 Thread 0x0000026c1421a640 Exception <a 'java/net/ConnectException'{0x0000000088cae5d0}: Connection refused: no further information> (0x0000000088cae5d0) 
thrown [s\open\src\hotspot\share\prims\jni.cpp, line 535]
Event: 3.254 Thread 0x0000026c1421a640 Exception <a 'java/net/SocketException'{0x0000000088cae908}: Socket is not connected: shutdown> (0x0000000088cae908) 
thrown [s\open\src\hotspot\share\prims\jni.cpp, line 535]
Event: 3.321 Thread 0x0000026c6f46b2b0 Exception <a 'java/lang/NoSuchMethodError'{0x0000000088b32518}: 'double java.lang.invoke.DirectMethodHandle$Holder.invokeVirtual(java.lang.Object, java.lang.Object)'> (0x0000000088b32518) 
thrown [s\open\src\hotspot\share\interpreter\linkResolver.cpp, line 766]
Event: 3.322 Thread 0x0000026c6f46b2b0 Exception <a 'java/lang/NoSuchMethodError'{0x0000000088b38ec8}: 'float java.lang.invoke.DirectMethodHandle$Holder.invokeVirtual(java.lang.Object, java.lang.Object)'> (0x0000000088b38ec8) 
thrown [s\open\src\hotspot\share\interpreter\linkResolver.cpp, line 766]
Event: 3.322 Thread 0x0000026c6f46b2b0 Exception <a 'java/lang/NoSuchMethodError'{0x0000000088b423f0}: 'long java.lang.invoke.DirectMethodHandle$Holder.invokeVirtual(java.lang.Object, java.lang.Object)'> (0x0000000088b423f0) 
thrown [s\open\src\hotspot\share\interpreter\linkResolver.cpp, line 766]
Event: 3.352 Thread 0x0000026c6f46b2b0 Exception <a 'java/lang/NoSuchMethodError'{0x0000000088a81bf8}: 'void java.lang.invoke.DirectMethodHandle$Holder.invokeStatic(java.lang.Object, java.lang.Object, int)'> (0x0000000088a81bf8) 
thrown [s\open\src\hotspot\share\interpreter\linkResolver.cpp, line 766]
Event: 3.400 Thread 0x0000026c6f46b2b0 Exception <a 'java/lang/NoSuchMethodError'{0x0000000088502a20}: 'int java.lang.invoke.DirectMethodHandle$Holder.invokeSpecialIFC(java.lang.Object, java.lang.Object, java.lang.Object)'> (0x0000000088502a20) 
thrown [s\open\src\hotspot\share\interpreter\linkResolver.cpp, line 766]
Event: 3.464 Thread 0x0000026c6f46b2b0 Exception <a 'java/lang/NoSuchMethodError'{0x00000000883cd278}: 'void java.lang.invoke.DirectMethodHandle$Holder.invokeSpecial(java.lang.Object, java.lang.Object, java.lang.Object, java.lang.Object, java.lang.Object, java.lang.Object)'> (0x00000000883cd278) 
thrown [s\open\src\hotspot\share\interpreter\linkResolver.cpp, line 766]
Event: 3.478 Thread 0x0000026c6f46b2b0 Exception <a 'java/lang/NoSuchMethodError'{0x000000008825f078}: 'long java.lang.invoke.DirectMethodHandle$Holder.invokeInterface(java.lang.Object, java.lang.Object)'> (0x000000008825f078) 
thrown [s\open\src\hotspot\share\interpreter\linkResolver.cpp, line 766]
Event: 3.479 Thread 0x0000026c6f46b2b0 Exception <a 'java/lang/NoSuchMethodError'{0x0000000088263660}: 'long java.lang.invoke.DelegatingMethodHandle$Holder.reinvoke_L(java.lang.Object, java.lang.Object)'> (0x0000000088263660) 
thrown [s\open\src\hotspot\share\interpreter\linkResolver.cpp, line 766]

VM Operations (20 events):
Event: 1.836 Executing VM operation: G1CollectForAllocation
Event: 1.840 Executing VM operation: G1CollectForAllocation done
Event: 2.054 Executing VM operation: HandshakeAllThreads
Event: 2.054 Executing VM operation: HandshakeAllThreads done
Event: 2.224 Executing VM operation: HandshakeAllThreads
Event: 2.224 Executing VM operation: HandshakeAllThreads done
Event: 2.440 Executing VM operation: HandshakeAllThreads
Event: 2.440 Executing VM operation: HandshakeAllThreads done
Event: 2.577 Executing VM operation: G1CollectForAllocation
Event: 2.583 Executing VM operation: G1CollectForAllocation done
Event: 2.655 Executing VM operation: HandshakeAllThreads
Event: 2.655 Executing VM operation: HandshakeAllThreads done
Event: 3.304 Executing VM operation: HandshakeAllThreads
Event: 3.304 Executing VM operation: HandshakeAllThreads done
Event: 3.307 Executing VM operation: HandshakeAllThreads
Event: 3.307 Executing VM operation: HandshakeAllThreads done
Event: 4.311 Executing VM operation: Cleanup
Event: 4.311 Executing VM operation: Cleanup done
Event: 5.313 Executing VM operation: Cleanup
Event: 5.313 Executing VM operation: Cleanup done

Events (20 events):
Event: 0.461 Loaded shared library C:\Program Files\Java\jdk-18.0.1.1\bin\jimage.dll
Event: 0.468 Thread 0x0000026c1335fdb0 Thread exited: 0x0000026c1335fdb0
Event: 0.794 Thread 0x0000026c13973560 Thread added: 0x0000026c13973560
Event: 1.153 Thread 0x0000026c13973560 Thread exited: 0x0000026c13973560
Event: 1.842 Thread 0x0000026c13fcd020 Thread added: 0x0000026c13fcd020
Event: 2.283 Thread 0x0000026c14033920 Thread added: 0x0000026c14033920
Event: 2.332 Loaded shared library C:\Program Files\Java\jdk-18.0.1.1\bin\verify.dll
Event: 2.541 Loaded shared library C:\Program Files\Java\jdk-18.0.1.1\bin\management.dll
Event: 2.547 Loaded shared library C:\Program Files\Java\jdk-18.0.1.1\bin\management_ext.dll
Event: 2.576 Thread 0x0000026c140f7020 Thread added: 0x0000026c140f7020
Event: 2.877 Loaded shared library C:\Program Files\Java\jdk-18.0.1.1\bin\sunmscapi.dll
Event: 3.007 Thread 0x0000026c13fcd020 Thread exited: 0x0000026c13fcd020
Event: 3.166 Thread 0x0000026c143168a0 Thread added: 0x0000026c143168a0
Event: 3.172 Thread 0x0000026c142bd880 Thread added: 0x0000026c142bd880
Event: 3.173 Thread 0x0000026c143dee90 Thread added: 0x0000026c143dee90
Event: 3.178 Thread 0x0000026c1421a640 Thread added: 0x0000026c1421a640
Event: 3.196 Thread 0x0000026c143bb070 Thread added: 0x0000026c143bb070
Event: 3.196 Thread 0x0000026c143be090 Thread added: 0x0000026c143be090
Event: 3.306 Thread 0x0000026c143be560 Thread added: 0x0000026c143be560
Event: 5.111 Thread 0x0000026c143bc3b0 Thread added: 0x0000026c143bc3b0


Dynamic libraries:
0x00007ff63ebe0000 - 0x00007ff63ebf0000 	C:\Program Files\Java\jdk-18.0.1.1\bin\javaw.exe
0x00007fff017e0000 - 0x00007fff019e9000 	C:\WINDOWS\SYSTEM32\ntdll.dll
0x00007fff00c00000 - 0x00007fff00cbe000 	C:\WINDOWS\System32\KERNEL32.DLL
0x00007ffefecb0000 - 0x00007ffeff02b000 	C:\WINDOWS\System32\KERNELBASE.dll
0x00007ffeff150000 - 0x00007ffeff261000 	C:\WINDOWS\System32\ucrtbase.dll
0x00007ffeebd00000 - 0x00007ffeebd1a000 	C:\Program Files\Java\jdk-18.0.1.1\bin\VCRUNTIME140.dll
0x00007ffef78a0000 - 0x00007ffef78b8000 	C:\Program Files\Java\jdk-18.0.1.1\bin\jli.dll
0x00007fff01530000 - 0x00007fff015de000 	C:\WINDOWS\System32\ADVAPI32.dll
0x00007fff01100000 - 0x00007fff011a3000 	C:\WINDOWS\System32\msvcrt.dll
0x00007fff00120000 - 0x00007fff001be000 	C:\WINDOWS\System32\sechost.dll
0x00007fff01410000 - 0x00007fff01530000 	C:\WINDOWS\System32\RPCRT4.dll
0x00007fff015e0000 - 0x00007fff0178d000 	C:\WINDOWS\System32\USER32.dll
0x00007ffedeb40000 - 0x00007ffedede5000 	C:\WINDOWS\WinSxS\amd64_microsoft.windows.common-controls_6595b64144ccf1df_6.0.22000.120_none_9d947278b86cc467\COMCTL32.dll
0x00007ffeff3e0000 - 0x00007ffeff406000 	C:\WINDOWS\System32\win32u.dll
0x00007fff011b0000 - 0x00007fff011d9000 	C:\WINDOWS\System32\GDI32.dll
0x00007ffeff030000 - 0x00007ffeff148000 	C:\WINDOWS\System32\gdi32full.dll
0x00007ffeff410000 - 0x00007ffeff4ad000 	C:\WINDOWS\System32\msvcp_win.dll
0x00007ffef1d00000 - 0x00007ffef1d0a000 	C:\WINDOWS\SYSTEM32\VERSION.dll
0x00007fff00dc0000 - 0x00007fff00df2000 	C:\WINDOWS\System32\IMM32.DLL
0x00007ffefbea0000 - 0x00007ffefbeac000 	C:\Program Files\Java\jdk-18.0.1.1\bin\vcruntime140_1.dll
0x00007ffec2ea0000 - 0x00007ffec2f2d000 	C:\Program Files\Java\jdk-18.0.1.1\bin\msvcp140.dll
0x00007ffebbef0000 - 0x00007ffebcb00000 	C:\Program Files\Java\jdk-18.0.1.1\bin\server\jvm.dll
0x00007fff01400000 - 0x00007fff01408000 	C:\WINDOWS\System32\PSAPI.DLL
0x00007ffeec2c0000 - 0x00007ffeec2c9000 	C:\WINDOWS\SYSTEM32\WSOCK32.dll
0x00007ffef6ee0000 - 0x00007ffef6f13000 	C:\WINDOWS\SYSTEM32\WINMM.dll
0x00007fff00e80000 - 0x00007fff00eef000 	C:\WINDOWS\System32\WS2_32.dll
0x00007ffefdcf0000 - 0x00007ffefdd08000 	C:\WINDOWS\SYSTEM32\kernel.appcore.dll
0x00007ffefb0c0000 - 0x00007ffefb0ca000 	C:\Program Files\Java\jdk-18.0.1.1\bin\jimage.dll
0x00007ffefc9a0000 - 0x00007ffefcbc1000 	C:\WINDOWS\SYSTEM32\DBGHELP.DLL
0x00007ffeeeac0000 - 0x00007ffeeeaf1000 	C:\WINDOWS\SYSTEM32\dbgcore.DLL
0x00007ffeff520000 - 0x00007ffeff59f000 	C:\WINDOWS\System32\bcryptPrimitives.dll
0x00007ffee0c90000 - 0x00007ffee0cb5000 	C:\Program Files\Java\jdk-18.0.1.1\bin\java.dll
0x00007ffec2dc0000 - 0x00007ffec2e96000 	C:\Program Files\Java\jdk-18.0.1.1\bin\jsvml.dll
0x00007ffeff720000 - 0x00007ffeffed8000 	C:\WINDOWS\System32\SHELL32.dll
0x00007ffefcd60000 - 0x00007ffefd5c5000 	C:\WINDOWS\SYSTEM32\windows.storage.dll
0x00007fff00250000 - 0x00007fff005c8000 	C:\WINDOWS\System32\combase.dll
0x00007ffefcbf0000 - 0x00007ffefcd56000 	C:\WINDOWS\SYSTEM32\wintypes.dll
0x00007ffefffb0000 - 0x00007fff0009a000 	C:\WINDOWS\System32\SHCORE.dll
0x00007ffeffee0000 - 0x00007ffefff3d000 	C:\WINDOWS\System32\shlwapi.dll
0x00007ffefebe0000 - 0x00007ffefec01000 	C:\WINDOWS\SYSTEM32\profapi.dll
0x00007ffedb140000 - 0x00007ffedb153000 	C:\Program Files\Java\jdk-18.0.1.1\bin\net.dll
0x00007ffef66c0000 - 0x00007ffef67d4000 	C:\WINDOWS\SYSTEM32\WINHTTP.dll
0x00007ffefe190000 - 0x00007ffefe1f7000 	C:\WINDOWS\system32\mswsock.dll
0x00007ffec9440000 - 0x00007ffec9456000 	C:\Program Files\Java\jdk-18.0.1.1\bin\nio.dll
0x00007ffec8f80000 - 0x00007ffec8f98000 	C:\Program Files\Java\jdk-18.0.1.1\bin\zip.dll
0x00007ffefe480000 - 0x00007ffefe498000 	C:\WINDOWS\SYSTEM32\CRYPTSP.dll
0x00007ffefdc50000 - 0x00007ffefdc85000 	C:\WINDOWS\system32\rsaenh.dll
0x00007ffefe310000 - 0x00007ffefe339000 	C:\WINDOWS\SYSTEM32\USERENV.dll
0x00007ffefe640000 - 0x00007ffefe667000 	C:\WINDOWS\SYSTEM32\bcrypt.dll
0x00007ffefe4a0000 - 0x00007ffefe4ac000 	C:\WINDOWS\SYSTEM32\CRYPTBASE.dll
0x00007ffefd820000 - 0x00007ffefd84d000 	C:\WINDOWS\SYSTEM32\IPHLPAPI.DLL
0x00007fff00da0000 - 0x00007fff00da9000 	C:\WINDOWS\System32\NSI.dll
0x00007ffef6b80000 - 0x00007ffef6b99000 	C:\WINDOWS\SYSTEM32\dhcpcsvc6.DLL
0x00007ffef6ca0000 - 0x00007ffef6cbe000 	C:\WINDOWS\SYSTEM32\dhcpcsvc.DLL
0x00007ffefd850000 - 0x00007ffefd938000 	C:\WINDOWS\SYSTEM32\DNSAPI.dll
0x00007ffef03d0000 - 0x00007ffef03da000 	C:\Windows\System32\rasadhlp.dll
0x00007ffef2030000 - 0x00007ffef20b1000 	C:\WINDOWS\System32\fwpuclnt.dll
0x00007ffedf4f0000 - 0x00007ffedf500000 	C:\Program Files\Java\jdk-18.0.1.1\bin\verify.dll
0x00007ffeeb8f0000 - 0x00007ffeeb8f9000 	C:\Program Files\Java\jdk-18.0.1.1\bin\management.dll
0x00007ffedf960000 - 0x00007ffedf96b000 	C:\Program Files\Java\jdk-18.0.1.1\bin\management_ext.dll
0x00007ffefa080000 - 0x00007ffefa08e000 	C:\Program Files\Java\jdk-18.0.1.1\bin\sunmscapi.dll
0x00007ffeff270000 - 0x00007ffeff3d2000 	C:\WINDOWS\System32\CRYPT32.dll
0x00007ffefe610000 - 0x00007ffefe638000 	C:\WINDOWS\SYSTEM32\ncrypt.dll
0x00007ffefe5d0000 - 0x00007ffefe607000 	C:\WINDOWS\SYSTEM32\NTASN1.dll

dbghelp: loaded successfully - version: 4.0.5 - missing functions: none
symbol engine: initialized successfully - sym options: 0x614 - pdb path: .;C:\Program Files\Java\jdk-18.0.1.1\bin;C:\WINDOWS\SYSTEM32;C:\WINDOWS\WinSxS\amd64_microsoft.windows.common-controls_6595b64144ccf1df_6.0.22000.120_none_9d947278b86cc467;C:\Program Files\Java\jdk-18.0.1.1\bin\server

VM Arguments:
jvm_args: -Dfile.encoding=UTF-8 -XX:+ShowCodeDetailsInExceptionMessages 
java_command: cucumber.api.cli.Main D:/SpringBoot-workspace/bankingAPI/Feature/login.feature --glue classpath: --plugin pretty --monochrome
java_class_path (initial): D:\SpringBoot-workspace\bankingAPI\target\classes;D:\SpringBoot-workspace\bankingAPI\target\test-classes;C:\Users\KIIT\.m2\repository\org\springframework\boot\spring-boot-starter-data-mongodb-reactive\2.7.4\spring-boot-starter-data-mongodb-reactive-2.7.4.jar;C:\Users\KIIT\.m2\repository\org\springframework\boot\spring-boot-starter\2.7.4\spring-boot-starter-2.7.4.jar;C:\Users\KIIT\.m2\repository\org\springframework\boot\spring-boot-starter-logging\2.7.4\spring-boot-starter-logging-2.7.4.jar;C:\Users\KIIT\.m2\repository\ch\qos\logback\logback-classic\1.2.11\logback-classic-1.2.11.jar;C:\Users\KIIT\.m2\repository\ch\qos\logback\logback-core\1.2.11\logback-core-1.2.11.jar;C:\Users\KIIT\.m2\repository\org\apache\logging\log4j\log4j-to-slf4j\2.17.2\log4j-to-slf4j-2.17.2.jar;C:\Users\KIIT\.m2\repository\org\apache\logging\log4j\log4j-api\2.17.2\log4j-api-2.17.2.jar;C:\Users\KIIT\.m2\repository\org\slf4j\jul-to-slf4j\1.7.36\jul-to-slf4j-1.7.36.jar;C:\Users\KIIT\.m2\repository\jakarta\annotation\jakarta.annotation-api\1.3.5\jakarta.annotation-api-1.3.5.jar;C:\Users\KIIT\.m2\repository\org\yaml\snakeyaml\1.30\snakeyaml-1.30.jar;C:\Users\KIIT\.m2\repository\io\projectreactor\reactor-core\3.4.23\reactor-core-3.4.23.jar;C:\Users\KIIT\.m2\repository\org\reactivestreams\reactive-streams\1.0.4\reactive-streams-1.0.4.jar;C:\Users\KIIT\.m2\repository\org\mongodb\mongodb-driver-reactivestreams\4.6.1\mongodb-driver-reactivestreams-4.6.1.jar;C:\Users\KIIT\.m2\repository\org\mongodb\bson\4.6.1\bson-4.6.1.jar;C:\Users\KIIT\.m2\repository\org\mongodb\mongodb-driver-core\4.6.1\mongodb-driver-core-4.6.1.jar;C:\Users\KIIT\.m2\repository\org\mongodb\bson-record-codec\4.6.1\bson-record-codec-4.6.1.jar;C:\Users\KIIT\.m2\repository\org\springframework\data\spring-data-mongodb\3.4.3\spring-data-mongodb-3.4.3.jar;C:\Users\KIIT\.m2\repository\org\springframework\spring-tx\5.3.23\spring-tx-5.3.23.jar;C:\Users\KIIT\.m2\repository\org\springframework\spring-context\5.3.23\spring-context-5.3.23.jar;C:\Users\KIIT\.m2\repository\org\springframework\spring-aop\5.3.23\spring-aop-5.3.23.jar;C:\Users\KIIT\.m2\repository\org\springframework\spring-beans\5.3.23\spring-beans-5.3.23.jar;C:\Users\KIIT\.m2\repository\org\springframework\spring-expression\5.3.23\spring-expression-5.3.23.jar;C:\Users\KIIT\.m2\repository\org\springframework\data\spring-data-commons\2.7.3\spring-data-commons-2.7.3.jar;C:\Users\KIIT\.m2\repository\org\slf4j\slf4j-api\1.7.36\slf4j-api-1.7.36.jar;C:\Users\KIIT\.m2\repository\org\springframework\boot\spring-boot-starter-webflux\2.7.4\spring-boot-starter-webflux-2.7.4.jar;C:\Users\KIIT\.m2\repository\org\springframework\boot\spring-boot-starter-json\2.7.4\spring-boot-starter-json-2.7.4.jar;C:\Users\KIIT\.m2\repository\com\fasterxml\jackson\core\jackson-databind\2.13.4\jackson-databind-2.13.4.jar;C:\Users\KIIT\.m2\repository\com\fasterxml\jackson\core\jackson-annotations\2.13.4\jackson-annotations-2.13.4.jar;C:\Users\KIIT\.m2\repository\com\fasterxml\jackson\core\jackson-core\2.13.4\jackson-core-2.13.4.jar;C:\Users\KIIT\.m2\repository\com\fasterxml\jackson\datatype\jackson-datatype-jdk8\2.13.4\jackson-datatype-jdk8-2.13.4.jar;C:\Users\KIIT\.m2\repository\com\fasterxml\jackson\datatype\jackson-datatype-jsr310\2.13.4\jackson-datatype-jsr310-2.13.4.jar;C:\Users\KIIT\.m2\repository\com\fasterxml\jackson\module\jackson-module-parameter-names\2.13.4\jackson-module-parameter-names-2.13.4.jar;C:\Users\KIIT\.m2\repository\org\springframework\boot\spring-boot-starter-reactor-netty\2.7.4\spring-boot-starter-reactor-netty-2.7.4.jar;C:\Users\KIIT\.m2\repository\io\projectreactor\netty\reactor-netty-http\1.0.23\reactor-netty-http-1.0.23.jar;C:\Users\KIIT\.m2\repository\io\netty\netty-codec-http2\4.1.82.Final\netty-codec-http2-4.1.82.Final.jar;C:\Users\KIIT\.m2\repository\io\netty\netty-resolver-dns\4.1.82.Final\netty-resolver-dns-4.1.82.Final.jar;C:\Users\KIIT\.m2\repository\io\netty\netty-codec-dns\4.1.82.Final\netty-codec-dns-4.1.82.Final.jar;C:\Users\KIIT\.m2\repository\io\netty\netty-resolver-dns-native-macos\4.1.82.Final\netty-resolver-dns-native-macos-4.1.82.Final-osx-x86_64.jar;C:\Users\KIIT\.m2\repository\io\netty\netty-resolver-dns-classes-macos\4.1.82.Final\netty-resolver-dns-classes-macos-4.1.82.Final.jar;C:\Users\KIIT\.m2\repository\io\netty\netty-transport-native-epoll\4.1.82.Final\netty-transport-native-epoll-4.1.82.Final-linux-x86_64.jar;C:\Users\KIIT\.m2\repository\io\projectreactor\netty\reactor-netty-core\1.0.23\reactor-netty-core-1.0.23.jar;C:\Users\KIIT\.m2\repository\org\springframework\spring-web\5.3.23\spring-web-5.3.23.jar;C:\Users\KIIT\.m2\repository\org\springframework\spring-webflux\5.3.23\spring-webflux-5.3.23.jar;C:\Users\KIIT\.m2\repository\org\springframework\boot\spring-boot-devtools\2.7.4\spring-boot-devtools-2.7.4.jar;C:\Users\KIIT\.m2\repository\org\springframework\boot\spring-boot\2.7.4\spring-boot-2.7.4.jar;C:\Users\KIIT\.m2\repository\org\springframework\boot\spring-boot-autoconfigure\2.7.4\spring-boot-autoconfigure-2.7.4.jar;C:\Users\KIIT\.m2\repository\org\projectlombok\lombok\1.18.24\lombok-1.18.24.jar;C:\Users\KIIT\.m2\repository\org\springframework\boot\spring-boot-starter-test\2.7.4\spring-boot-starter-test-2.7.4.jar;C:\Users\KIIT\.m2\repository\org\springframework\boot\spring-boot-test\2.7.4\spring-boot-test-2.7.4.jar;C:\Users\KIIT\.m2\repository\org\springframework\boot\spring-boot-test-autoconfigure\2.7.4\spring-boot-test-autoconfigure-2.7.4.jar;C:\Users\KIIT\.m2\repository\com\jayway\jsonpath\json-path\2.7.0\json-path-2.7.0.jar;C:\Users\KIIT\.m2\repository\net\minidev\json-smart\2.4.8\json-smart-2.4.8.jar;C:\Users\KIIT\.m2\repository\net\minidev\accessors-smart\2.4.8\accessors-smart-2.4.8.jar;C:\Users\KIIT\.m2\repository\org\ow2\asm\asm\9.1\asm-9.1.jar;C:\Users\KIIT\.m2\repository\jakarta\xml\bind\jakarta.xml.bind-api\2.3.3\jakarta.xml.bind-api-2.3.3.jar;C:\Users\KIIT\.m2\repository\jakarta\activation\jakarta.activation-api\1.2.2\jakarta.activation-api-1.2.2.jar;C:\Users\KIIT\.m2\repository\org\assertj\assertj-core\3.22.0\assertj-core-3.22.0.jar;C:\Users\KIIT\.m2\repository\org\hamcrest\hamcrest\2.2\hamcrest-2.2.jar;C:\Users\KIIT\.m2\repository\org\junit\jupiter\junit-jupiter\5.8.2\junit-jupiter-5.8.2.jar;C:\Users\KIIT\.m2\repository\org\junit\jupiter\junit-jupiter-api\5.8.2\junit-jupiter-api-5.8.2.jar;C:\Users\KIIT\.m2\repository\org\opentest4j\opentest4j\1.2.0\opentest4j-1.2.0.jar;C:\Users\KIIT\.m2\repository\org\junit\platform\junit-platform-commons\1.8.2\junit-platform-commons-1.8.2.jar;C:\Users\KIIT\.m2\repository\org\junit\jupiter\junit-jupiter-params\5.8.2\junit-jupiter-params-5.8.2.jar;C:\Users\KIIT\.m2\repository\org\junit\jupiter\junit-jupiter-engine\5.8.2\junit-jupiter-engine-5.8.2.jar;C:\Users\KIIT\.m2\repository\org\junit\platform\junit-platform-engine\1.8.2\junit-platform-engine-1.8.2.jar;C:\Users\KIIT\.m2\repository\org\mockito\mockito-core\4.5.1\mockito-core-4.5.1.jar;C:\Users\KIIT\.m2\repository\net\bytebuddy\byte-buddy\1.12.17\byte-buddy-1.12.17.jar;C:\Users\KIIT\.m2\repository\net\bytebuddy\byte-buddy-agent\1.12.17\byte-buddy-agent-1.12.17.jar;C:\Users\KIIT\.m2\repository\org\objenesis\objenesis\3.2\objenesis-3.2.jar;C:\Users\KIIT\.m2\repository\org\mockito\mockito-junit-jupiter\4.5.1\mockito-junit-jupiter-4.5.1.jar;C:\Users\KIIT\.m2\repository\org\skyscreamer\jsonassert\1.5.1\jsonassert-1.5.1.jar;C:\Users\KIIT\.m2\repository\com\vaadin\external\google\android-json\0.0.20131108.vaadin1\android-json-0.0.20131108.vaadin1.jar;C:\Users\KIIT\.m2\repository\org\springframework\spring-core\5.3.23\spring-core-5.3.23.jar;C:\Users\KIIT\.m2\repository\org\springframework\spring-jcl\5.3.23\spring-jcl-5.3.23.jar;C:\Users\KIIT\.m2\repository\org\springframework\spring-test\5.3.23\spring-test-5.3.23.jar;C:\Users\KIIT\.m2\repository\org\xmlunit\xmlunit-core\2.9.0\xmlunit-core-2.9.0.jar;C:\Users\KIIT\.m2\repository\io\projectreactor\reactor-test\3.4.23\reactor-test-3.4.23.jar;C:\Users\KIIT\.m2\repository\junit\junit\4.11\junit-4.11.jar;C:\Users\KIIT\.m2\repository\org\hamcrest\hamcrest-core\2.2\hamcrest-core-2.2.jar;C:\Users\KIIT\.m2\repository\io\cucumber\cucumber-java\7.9.0\cucumber-java-7.9.0.jar;C:\Users\KIIT\.m2\repository\io\cucumber\cucumber-core\7.9.0\cucumber-core-7.9.0.jar;C:\Users\KIIT\.m2\repository\io\cucumber\cucumber-gherkin\7.9.0\cucumber-gherkin-7.9.0.jar;C:\Users\KIIT\.m2\repository\io\cucumber\cucumber-gherkin-messages\7.9.0\cucumber-gherkin-messages-7.9.0.jar;C:\Users\KIIT\.m2\repository\io\cucumber\gherkin\24.1.0\gherkin-24.1.0.jar;C:\Users\KIIT\.m2\repository\io\cucumber\messages\19.1.4\messages-19.1.4.jar;C:\Users\KIIT\.m2\repository\io\cucumber\tag-expressions\4.1.0\tag-expressions-4.1.0.jar;C:\Users\KIIT\.m2\repository\io\cucumber\cucumber-expressions\16.0.0\cucumber-expressions-16.0.0.jar;C:\Users\KIIT\.m2\repository\io\cucumber\datatable\7.9.0\datatable-7.9.0.jar;C:\Users\KIIT\.m2\repository\io\cucumber\cucumber-plugin\7.9.0\cucumber-plugin-7.9.0.jar;C:\Users\KIIT\.m2\repository\io\cucumber\docstring\7.9.0\docstring-7.9.0.jar;C:\Users\KIIT\.m2\repository\io\cucumber\html-formatter\20.1.0\html-formatter-20.1.0.jar;C:\Users\KIIT\.m2\repository\io\cucumber\ci-environment\9.1.0\ci-environment-9.1.0.jar;C:\Users\KIIT\.m2\repository\org\apiguardian\apiguardian-api\1.1.2\apiguardian-api-1.1.2.jar;C:\Users\KIIT\.m2\repository\io\cucumber\cucumber-junit\7.9.0\cucumber-junit-7.9.0.jar;C:\Users\KIIT\.m2\repository\org\seleniumhq\selenium\selenium-java\4.6.0\selenium-java-4.6.0.jar;C:\Users\KIIT\.m2\repository\org\seleniumhq\selenium\selenium-api\4.1.4\selenium-api-4.1.4.jar;C:\Users\KIIT\.m2\repository\org\seleniumhq\selenium\selenium-chrome-driver\4.1.4\selenium-chrome-driver-4.1.4.jar;C:\Users\KIIT\.m2\repository\com\google\auto\service\auto-service-annotations\1.0.1\auto-service-annotations-1.0.1.jar;C:\Users\KIIT\.m2\repository\com\google\auto\service\auto-service\1.0.1\auto-service-1.0.1.jar;C:\Users\KIIT\.m2\repository\com\google\auto\auto-common\1.2\auto-common-1.2.jar;C:\Users\KIIT\.m2\repository\com\google\guava\guava\31.1-jre\guava-31.1-jre.jar;C:\Users\KIIT\.m2\repository\com\google\guava\failureaccess\1.0.1\failureaccess-1.0.1.jar;C:\Users\KIIT\.m2\repository\com\google\guava\listenablefuture\9999.0-empty-to-avoid-conflict-with-guava\listenablefuture-9999.0-empty-to-avoid-conflict-with-guava.jar;C:\Users\KIIT\.m2\repository\com\google\code\findbugs\jsr305\3.0.2\jsr305-3.0.2.jar;C:\Users\KIIT\.m2\repository\org\checkerframework\checker-qual\3.12.0\checker-qual-3.12.0.jar;C:\Users\KIIT\.m2\repository\com\google\errorprone\error_prone_annotations\2.11.0\error_prone_annotations-2.11.0.jar;C:\Users\KIIT\.m2\repository\com\google\j2objc\j2objc-annotations\1.3\j2objc-annotations-1.3.jar;C:\Users\KIIT\.m2\repository\org\seleniumhq\selenium\selenium-chromium-driver\4.1.4\selenium-chromium-driver-4.1.4.jar;C:\Users\KIIT\.m2\repository\org\seleniumhq\selenium\selenium-json\4.1.4\selenium-json-4.1.4.jar;C:\Users\KIIT\.m2\repository\org\seleniumhq\selenium\selenium-devtools-v105\4.6.0\selenium-devtools-v105-4.6.0.jar;C:\Users\KIIT\.m2\repository\org\seleniumhq\selenium\selenium-devtools-v106\4.6.0\selenium-devtools-v106-4.6.0.jar;C:\Users\KIIT\.m2\repository\org\seleniumhq\selenium\selenium-devtools-v107\4.6.0\selenium-devtools-v107-4.6.0.jar;C:\Users\KIIT\.m2\repository\org\seleniumhq\selenium\selenium-devtools-v85\4.6.0\selenium-devtools-v85-4.6.0.jar;C:\Users\KIIT\.m2\repository\org\seleniumhq\selenium\selenium-edge-driver\4.1.4\selenium-edge-driver-4.1.4.jar;C:\Users\KIIT\.m2\repository\org\seleniumhq\selenium\selenium-firefox-driver\4.1.4\selenium-firefox-driver-4.1.4.jar;C:\Users\KIIT\.m2\repository\org\seleniumhq\selenium\selenium-ie-driver\4.1.4\selenium-ie-driver-4.1.4.jar;C:\Users\KIIT\.m2\repository\org\seleniumhq\selenium\selenium-remote-driver\4.1.4\selenium-remote-driver-4.1.4.jar;C:\Users\KIIT\.m2\repository\com\beust\jcommander\1.82\jcommander-1.82.jar;C:\Users\KIIT\.m2\repository\io\netty\netty-buffer\4.1.82.Final\netty-buffer-4.1.82.Final.jar;C:\Users\KIIT\.m2\repository\io\netty\netty-codec-http\4.1.82.Final\netty-codec-http-4.1.82.Final.jar;C:\Users\KIIT\.m2\repository\io\netty\netty-codec\4.1.82.Final\netty-codec-4.1.82.Final.jar;C:\Users\KIIT\.m2\repository\io\netty\netty-handler\4.1.82.Final\netty-handler-4.1.82.Final.jar;C:\Users\KIIT\.m2\repository\io\netty\netty-common\4.1.82.Final\netty-common-4.1.82.Final.jar;C:\Users\KIIT\.m2\repository\io\netty\netty-transport-classes-epoll\4.1.82.Final\netty-transport-classes-epoll-4.1.82.Final.jar;C:\Users\KIIT\.m2\repository\io\netty\netty-transport-classes-kqueue\4.1.82.Final\netty-transport-classes-kqueue-4.1.82.Final.jar;C:\Users\KIIT\.m2\repository\io\netty\netty-transport-native-epoll\4.1.82.Final\netty-transport-native-epoll-4.1.82.Final.jar;C:\Users\KIIT\.m2\repository\io\netty\netty-transport-native-kqueue\4.1.82.Final\netty-transport-native-kqueue-4.1.82.Final.jar;C:\Users\KIIT\.m2\repository\io\netty\netty-transport-native-unix-common\4.1.82.Final\netty-transport-native-unix-common-4.1.82.Final.jar;C:\Users\KIIT\.m2\repository\io\netty\netty-transport\4.1.82.Final\netty-transport-4.1.82.Final.jar;C:\Users\KIIT\.m2\repository\io\netty\netty-resolver\4.1.82.Final\netty-resolver-4.1.82.Final.jar;C:\Users\KIIT\.m2\repository\io\opentelemetry\opentelemetry-api\1.13.0\opentelemetry-api-1.13.0.jar;C:\Users\KIIT\.m2\repository\io\opentelemetry\opentelemetry-context\1.13.0\opentelemetry-context-1.13.0.jar;C:\Users\KIIT\.m2\repository\io\opentelemetry\opentelemetry-exporter-logging\1.13.0\opentelemetry-exporter-logging-1.13.0.jar;C:\Users\KIIT\.m2\repository\io\opentelemetry\opentelemetry-sdk-metrics\1.13.0-alpha\opentelemetry-sdk-metrics-1.13.0-alpha.jar;C:\Users\KIIT\.m2\repository\io\opentelemetry\opentelemetry-sdk-logs\1.13.0-alpha\opentelemetry-sdk-logs-1.13.0-alpha.jar;C:\Users\KIIT\.m2\repository\io\opentelemetry\opentelemetry-sdk-common\1.13.0\opentelemetry-sdk-common-1.13.0.jar;C:\Users\KIIT\.m2\repository\io\opentelemetry\opentelemetry-sdk-extension-autoconfigure-spi\1.13.0\opentelemetry-sdk-extension-autoconfigure-spi-1.13.0.jar;C:\Users\KIIT\.m2\repository\io\opentelemetry\opentelemetry-sdk-extension-autoconfigure\1.13.0-alpha\opentelemetry-sdk-extension-autoconfigure-1.13.0-alpha.jar;C:\Users\KIIT\.m2\repository\io\opentelemetry\opentelemetry-sdk-trace\1.13.0\opentelemetry-sdk-trace-1.13.0.jar;C:\Users\KIIT\.m2\repository\io\opentelemetry\opentelemetry-sdk\1.13.0\opentelemetry-sdk-1.13.0.jar;C:\Users\KIIT\.m2\repository\io\opentelemetry\opentelemetry-semconv\1.13.0-alpha\opentelemetry-semconv-1.13.0-alpha.jar;C:\Users\KIIT\.m2\repository\io\ous\jtoml\2.0.0\jtoml-2.0.0.jar;C:\Users\KIIT\.m2\repository\org\apache\commons\commons-exec\1.3\commons-exec-1.3.jar;C:\Users\KIIT\.m2\repository\org\asynchttpclient\async-http-client\2.12.3\async-http-client-2.12.3.jar;C:\Users\KIIT\.m2\repository\org\asynchttpclient\async-http-client-netty-utils\2.12.3\async-http-client-netty-utils-2.12.3.jar;C:\Users\KIIT\.m2\repository\io\netty\netty-codec-socks\4.1.82.Final\netty-codec-socks-4.1.82.Final.jar;C:\Users\KIIT\.m2\repository\io\netty\netty-handler-proxy\4.1.82.Final\netty-handler-proxy-4.1.82.Final.jar;C:\Users\KIIT\.m2\repository\io\netty\netty-transport-native-kqueue\4.1.82.Final\netty-transport-native-kqueue-4.1.82.Final-osx-x86_64.jar;C:\Users\KIIT\.m2\repository\com\typesafe\netty\netty-reactive-streams\2.0.4\netty-reactive-streams-2.0.4.jar;C:\Users\KIIT\.m2\repository\com\sun\activation\jakarta.activation\1.2.2\jakarta.activation-1.2.2.jar;C:\Users\KIIT\.m2\repository\org\seleniumhq\selenium\selenium-http\4.1.4\selenium-http-4.1.4.jar;C:\Users\KIIT\.m2\repository\dev\failsafe\failsafe\3.2.3\failsafe-3.2.3.jar;C:\Users\KIIT\.m2\repository\org\seleniumhq\selenium\selenium-safari-driver\4.1.4\selenium-safari-driver-4.1.4.jar;C:\Users\KIIT\.m2\repository\org\seleniumhq\selenium\selenium-support\4.1.4\selenium-support-4.1.4.jar
Launcher Type: SUN_STANDARD

[Global flags]
     intx CICompilerCount                          = 3                                         {product} {ergonomic}
     uint ConcGCThreads                            = 1                                         {product} {ergonomic}
     uint G1ConcRefinementThreads                  = 4                                         {product} {ergonomic}
   size_t G1HeapRegionSize                         = 1048576                                   {product} {ergonomic}
    uintx GCDrainStackTargetSize                   = 64                                        {product} {ergonomic}
   size_t InitialHeapSize                          = 134217728                                 {product} {ergonomic}
   size_t MarkStackSize                            = 4194304                                   {product} {ergonomic}
   size_t MaxHeapSize                              = 2116026368                                {product} {ergonomic}
   size_t MaxNewSize                               = 1268776960                                {product} {ergonomic}
   size_t MinHeapDeltaBytes                        = 1048576                                   {product} {ergonomic}
   size_t MinHeapSize                              = 8388608                                   {product} {ergonomic}
    uintx NonNMethodCodeHeapSize                   = 5832780                                {pd product} {ergonomic}
    uintx NonProfiledCodeHeapSize                  = 122912730                              {pd product} {ergonomic}
    uintx ProfiledCodeHeapSize                     = 122912730                              {pd product} {ergonomic}
    uintx ReservedCodeCacheSize                    = 251658240                              {pd product} {ergonomic}
     bool SegmentedCodeCache                       = true                                      {product} {ergonomic}
     bool ShowCodeDetailsInExceptionMessages       = true                                   {manageable} {command line}
   size_t SoftMaxHeapSize                          = 2116026368                             {manageable} {ergonomic}
     bool UseCompressedClassPointers               = true                           {product lp64_product} {ergonomic}
     bool UseCompressedOops                        = true                           {product lp64_product} {ergonomic}
     bool UseG1GC                                  = true                                      {product} {ergonomic}
     bool UseLargePagesIndividualAllocation        = false                                  {pd product} {ergonomic}

Logging:
Log output configuration:
 #0: stdout all=warning uptime,level,tags foldmultilines=false
 #1: stderr all=off uptime,level,tags foldmultilines=false

Environment Variables:
JAVA_HOME=C:\Program Files\Java\jdk-17.0.5\bin
PATH=C:/Program Files/Java/jdk-17.0.5/bin/server;C:/Program Files/Java/jdk-17.0.5/bin;C:\Program Files\Java\jdk-17.0.5\bin;C:\Program Files\MySQL\MySQL Server 8.0\bin;C:\WINDOWS\system32;C:\WINDOWS;C:\WINDOWS\System32\Wbem;C:\WINDOWS\System32\WindowsPowerShell\v1.0\;C:\Program Files (x86)\Intel\Intel(R) Management Engine Components\DAL;C:\Program Files\Intel\Intel(R) Management Engine Components\DAL;C:\Program Files (x86)\Intel\Intel(R) Management Engine Components\IPT;C:\Program Files\Intel\Intel(R) Management Engine Components\IPT;C:\WINDOWS\System32\OpenSSH\;C:\Program Files\Git\cmd;C:\Program Files\nodejs\;C:\WINDOWS\\System32\\WindowsPowerShell\\v1.0\\powershell.exe;C:\Program Files\Docker\Docker\resources\bin;C:\Program Files\Docker\Docker;C:\minikube;C:\Program Files\Kubernetes\Minikube;C:\Program Files\MySQL\MySQL Shell 8.0\bin\;C:\Users\KIIT\AppData\Local\Microsoft\WindowsApps;C:\Program Files\MongoDB\Server\6.0\bin;C:\Users\KIIT\AppData\Local\Programs\Microsoft VS Code\bin;C:\Users\KIIT\AppData\Roaming\npm;C:\Windows\SysWow64\;C:\minikube;;C:\WINDOWS\System32;
USERNAME=KIIT
OS=Windows_NT
PROCESSOR_IDENTIFIER=Intel64 Family 6 Model 142 Stepping 9, GenuineIntel



---------------  S Y S T E M  ---------------

OS:
 Windows 11 , 64 bit Build 22000 (10.0.22000.1219)
OS uptime: 1 days 8:13 hours
Hyper-V role detected

CPU: total 4 (initial active 4) (2 cores per cpu, 2 threads per core) family 6 model 142 stepping 9 microcode 0xde, cx8, cmov, fxsr, ht, mmx, 3dnowpref, sse, sse2, sse3, ssse3, sse4.1, sse4.2, popcnt, lzcnt, tsc, tscinvbit, avx, avx2, aes, erms, clmul, bmi1, bmi2, adx, fma, vzeroupper, clflush, clflushopt, hv

Memory: 4k page, system-wide physical 8064M (374M free)
TotalPageFile size 14064M (AvailPageFile size 0M)
current process WorkingSet (physical memory assigned to process): 124M, peak: 130M
current process commit charge ("private bytes"): 245M, peak: 251M

vm_info: Java HotSpot(TM) 64-Bit Server VM (18.0.1.1+2-6) for windows-amd64 JRE (18.0.1.1+2-6), built on Apr 25 2022 21:53:15 by "mach5one" with MS VC++ 16.8 / 16.9 (VS2019)

END.
